<?xml version="1.0" encoding="UTF-8"?>
<!-- Generated by org.testng.reporters.JUnitReportReporter -->
<testsuite hostname="Yugandhars490" name="myTests.Test1" tests="1" failures="0" timestamp="4 Jul 2018 04:18:01 GMT" time="0.052" errors="0">
  <testcase name="display" time="0.052" classname="myTests.Test1"/>
</testsuite> <!-- myTests.Test1 -->
